<?xml version="1.0" encoding="utf-8"?>
<test-run id="2" testcasecount="17" result="Passed" total="17" passed="17" failed="0" inconclusive="0" skipped="0" asserts="0" engine-version="3.5.0.0" clr-version="4.0.30319.42000" start-time="2026-05-21 11:59:01Z" end-time="2026-05-21 11:59:01Z" duration="0.0885104">
  <test-suite type="TestSuite" id="1000" name="Weltraum Spiel" fullname="Weltraum Spiel" runstate="Runnable" testcasecount="228" result="Passed" start-time="2026-05-21 11:59:01Z" end-time="2026-05-21 11:59:01Z" duration="0.088510" total="17" passed="17" failed="0" inconclusive="0" skipped="0" asserts="0">
    <properties>
      <property name="platform" value="EditMode" />
    </properties>
    <test-suite type="Assembly" id="1257" name="Assembly-CSharp-Editor.dll" fullname="E:/Unity/Weltraum Spiel/Weltraum Spiel/Library/ScriptAssemblies/Assembly-CSharp-Editor.dll" runstate="Runnable" testcasecount="228" result="Passed" start-time="2026-05-21 11:59:01Z" end-time="2026-05-21 11:59:01Z" duration="0.078365" total="17" passed="17" failed="0" inconclusive="0" skipped="0" asserts="0">
      <properties>
        <property name="_PID" value="92216" />
        <property name="_APPDOMAIN" value="Unity Child Domain" />
        <property name="platform" value="EditMode" />
        <property name="EditorOnly" value="True" />
      </properties>
      <test-suite type="TestFixture" id="1148" name="PrototypeSimpleFollowCameraValidationTests" fullname="PrototypeSimpleFollowCameraValidationTests" classname="PrototypeSimpleFollowCameraValidationTests" runstate="Runnable" testcasecount="17" result="Passed" start-time="2026-05-21 11:59:01Z" end-time="2026-05-21 11:59:01Z" duration="0.073848" total="17" passed="17" failed="0" inconclusive="0" skipped="0" asserts="0">
        <properties />
        <test-case id="1161" name="CameraBoundsIgnoreVfxMarkersAndExplicitIgnoreComponents" fullname="PrototypeSimpleFollowCameraValidationTests.CameraBoundsIgnoreVfxMarkersAndExplicitIgnoreComponents" methodname="CameraBoundsIgnoreVfxMarkersAndExplicitIgnoreComponents" classname="PrototypeSimpleFollowCameraValidationTests" runstate="Runnable" seed="1249494919" result="Passed" start-time="2026-05-21 11:59:01Z" end-time="2026-05-21 11:59:01Z" duration="0.031409" asserts="0">
          <properties>
            <property name="retryIteration" value="0" />
            <property name="repeatIteration" value="0" />
          </properties>
        </test-case>
        <test-case id="1159" name="CameraModeCycleReframesWithoutForcingVisualBoundsRefresh" fullname="PrototypeSimpleFollowCameraValidationTests.CameraModeCycleReframesWithoutForcingVisualBoundsRefresh" methodname="CameraModeCycleReframesWithoutForcingVisualBoundsRefresh" classname="PrototypeSimpleFollowCameraValidationTests" runstate="Runnable" seed="669093294" result="Passed" start-time="2026-05-21 11:59:01Z" end-time="2026-05-21 11:59:01Z" duration="0.004312" asserts="0">
          <properties>
            <property name="retryIteration" value="0" />
            <property name="repeatIteration" value="0" />
          </properties>
        </test-case>
        <test-case id="1149" name="CameraModeCycleVisitsFreeInspectAndWraps" fullname="PrototypeSimpleFollowCameraValidationTests.CameraModeCycleVisitsFreeInspectAndWraps" methodname="CameraModeCycleVisitsFreeInspectAndWraps" classname="PrototypeSimpleFollowCameraValidationTests" runstate="Runnable" seed="2119960828" result="Passed" start-time="2026-05-21 11:59:01Z" end-time="2026-05-21 11:59:01Z" duration="0.000949" asserts="0">
          <properties>
            <property name="retryIteration" value="0" />
            <property name="repeatIteration" value="0" />
          </properties>
        </test-case>
        <test-case id="1163" name="ChaseLockedAimsAtShipFocusWhenVisualBoundsAreOffset" fullname="PrototypeSimpleFollowCameraValidationTests.ChaseLockedAimsAtShipFocusWhenVisualBoundsAreOffset" methodname="ChaseLockedAimsAtShipFocusWhenVisualBoundsAreOffset" classname="PrototypeSimpleFollowCameraValidationTests" runstate="Runnable" seed="1510601253" result="Passed" start-time="2026-05-21 11:59:01Z" end-time="2026-05-21 11:59:01Z" duration="0.001595" asserts="0">
          <properties>
            <property name="retryIteration" value="0" />
            <property name="repeatIteration" value="0" />
          </properties>
        </test-case>
        <test-case id="1157" name="DiagnosticsReportTargetFocusVisualBoundsAndDistance" fullname="PrototypeSimpleFollowCameraValidationTests.DiagnosticsReportTargetFocusVisualBoundsAndDistance" methodname="DiagnosticsReportTargetFocusVisualBoundsAndDistance" classname="PrototypeSimpleFollowCameraValidationTests" runstate="Runnable" seed="473325509" result="Passed" start-time="2026-05-21 11:59:01Z" end-time="2026-05-21 11:59:01Z" duration="0.002217" asserts="0">
          <properties>
            <property name="retryIteration" value="0" />
            <property name="repeatIteration" value="0" />
          </properties>
        </test-case>
        <test-case id="1153" name="HighestPriorityCameraAnchorWinsOverVisualBoundsForFocus" fullname="PrototypeSimpleFollowCameraValidationTests.HighestPriorityCameraAnchorWinsOverVisualBoundsForFocus" methodname="HighestPriorityCameraAnchorWinsOverVisualBoundsForFocus" classname="PrototypeSimpleFollowCameraValidationTests" runstate="Runnable" seed="180536218" result="Passed" start-time="2026-05-21 11:59:01Z" end-time="2026-05-21 11:59:01Z" duration="0.001269" asserts="0">
          <properties>
            <property name="retryIteration" value="0" />
            <property name="repeatIteration" value="0" />
          </properties>
        </test-case>
        <test-case id="1152" name="OrbitZoomPreservesViewRayToVisualPivot" fullname="PrototypeSimpleFollowCameraValidationTests.OrbitZoomPreservesViewRayToVisualPivot" methodname="OrbitZoomPreservesViewRayToVisualPivot" classname="PrototypeSimpleFollowCameraValidationTests" runstate="Runnable" seed="1431124928" result="Passed" start-time="2026-05-21 11:59:01Z" end-time="2026-05-21 11:59:01Z" duration="0.001043" asserts="0">
          <properties>
            <property name="retryIteration" value="0" />
            <property name="repeatIteration" value="0" />
          </properties>
        </test-case>
        <test-case id="1156" name="OrbitZoomPreservesViewRayToVisualPivotWhenAnchorExists" fullname="PrototypeSimpleFollowCameraValidationTests.OrbitZoomPreservesViewRayToVisualPivotWhenAnchorExists" methodname="OrbitZoomPreservesViewRayToVisualPivotWhenAnchorExists" classname="PrototypeSimpleFollowCameraValidationTests" runstate="Runnable" seed="2093614846" result="Passed" start-time="2026-05-21 11:59:01Z" end-time="2026-05-21 11:59:01Z" duration="0.001137" asserts="0">
          <properties>
            <property name="retryIteration" value="0" />
            <property name="repeatIteration" value="0" />
          </properties>
        </test-case>
        <test-case id="1165" name="ResetFramingReturnsToChaseLockedAndDefaultOffsets" fullname="PrototypeSimpleFollowCameraValidationTests.ResetFramingReturnsToChaseLockedAndDefaultOffsets" methodname="ResetFramingReturnsToChaseLockedAndDefaultOffsets" classname="PrototypeSimpleFollowCameraValidationTests" runstate="Runnable" seed="637837495" result="Passed" start-time="2026-05-21 11:59:01Z" end-time="2026-05-21 11:59:01Z" duration="0.001922" asserts="0">
          <properties>
            <property name="retryIteration" value="0" />
            <property name="repeatIteration" value="0" />
          </properties>
        </test-case>
        <test-case id="1154" name="RigidbodyCenterOfMassWinsWhenNoCameraAnchorExists" fullname="PrototypeSimpleFollowCameraValidationTests.RigidbodyCenterOfMassWinsWhenNoCameraAnchorExists" methodname="RigidbodyCenterOfMassWinsWhenNoCameraAnchorExists" classname="PrototypeSimpleFollowCameraValidationTests" runstate="Runnable" seed="1881595469" result="Passed" start-time="2026-05-21 11:59:01Z" end-time="2026-05-21 11:59:01Z" duration="0.001812" asserts="0">
          <properties>
            <property name="retryIteration" value="0" />
            <property name="repeatIteration" value="0" />
          </properties>
        </test-case>
        <test-case id="1164" name="VisualBoundsAnchorFollowsMovingTarget" fullname="PrototypeSimpleFollowCameraValidationTests.VisualBoundsAnchorFollowsMovingTarget" methodname="VisualBoundsAnchorFollowsMovingTarget" classname="PrototypeSimpleFollowCameraValidationTests" runstate="Runnable" seed="1538097959" result="Passed" start-time="2026-05-21 11:59:01Z" end-time="2026-05-21 11:59:01Z" duration="0.000679" asserts="0">
          <properties>
            <property name="retryIteration" value="0" />
            <property name="repeatIteration" value="0" />
          </properties>
        </test-case>
        <test-case id="1158" name="VisualBoundsCacheDoesNotRefreshUntilMarkedDirty" fullname="PrototypeSimpleFollowCameraValidationTests.VisualBoundsCacheDoesNotRefreshUntilMarkedDirty" methodname="VisualBoundsCacheDoesNotRefreshUntilMarkedDirty" classname="PrototypeSimpleFollowCameraValidationTests" runstate="Runnable" seed="1753205847" result="Passed" start-time="2026-05-21 11:59:01Z" end-time="2026-05-21 11:59:01Z" duration="0.001027" asserts="0">
          <properties>
            <property name="retryIteration" value="0" />
            <property name="repeatIteration" value="0" />
          </properties>
        </test-case>
        <test-case id="1155" name="VisualBoundsDriveDistanceWithoutMovingAnchorFocus" fullname="PrototypeSimpleFollowCameraValidationTests.VisualBoundsDriveDistanceWithoutMovingAnchorFocus" methodname="VisualBoundsDriveDistanceWithoutMovingAnchorFocus" classname="PrototypeSimpleFollowCameraValidationTests" runstate="Runnable" seed="1930316194" result="Passed" start-time="2026-05-21 11:59:01Z" end-time="2026-05-21 11:59:01Z" duration="0.000739" asserts="0">
          <properties>
            <property name="retryIteration" value="0" />
            <property name="repeatIteration" value="0" />
          </properties>
        </test-case>
        <test-case id="1162" name="VisualBoundsReframeChangesBaseDistanceWithinConfiguredClamps" fullname="PrototypeSimpleFollowCameraValidationTests.VisualBoundsReframeChangesBaseDistanceWithinConfiguredClamps" methodname="VisualBoundsReframeChangesBaseDistanceWithinConfiguredClamps" classname="PrototypeSimpleFollowCameraValidationTests" runstate="Runnable" seed="745308487" result="Passed" start-time="2026-05-21 11:59:01Z" end-time="2026-05-21 11:59:01Z" duration="0.000954" asserts="0">
          <properties>
            <property name="retryIteration" value="0" />
            <property name="repeatIteration" value="0" />
          </properties>
        </test-case>
        <test-case id="1160" name="VisualBoundsSnapshotIsStableInSteadyStateAndUpdatesOnlyOnDirtyRefresh" fullname="PrototypeSimpleFollowCameraValidationTests.VisualBoundsSnapshotIsStableInSteadyStateAndUpdatesOnlyOnDirtyRefresh" methodname="VisualBoundsSnapshotIsStableInSteadyStateAndUpdatesOnlyOnDirtyRefresh" classname="PrototypeSimpleFollowCameraValidationTests" runstate="Runnable" seed="569414318" result="Passed" start-time="2026-05-21 11:59:01Z" end-time="2026-05-21 11:59:01Z" duration="0.001555" asserts="0">
          <properties>
            <property name="retryIteration" value="0" />
            <property name="repeatIteration" value="0" />
          </properties>
        </test-case>
        <test-case id="1150" name="ZoomAdjustsEffectiveDistanceWithoutMutatingShipStatsFollowDistance" fullname="PrototypeSimpleFollowCameraValidationTests.ZoomAdjustsEffectiveDistanceWithoutMutatingShipStatsFollowDistance" methodname="ZoomAdjustsEffectiveDistanceWithoutMutatingShipStatsFollowDistance" classname="PrototypeSimpleFollowCameraValidationTests" runstate="Runnable" seed="1732094129" result="Passed" start-time="2026-05-21 11:59:01Z" end-time="2026-05-21 11:59:01Z" duration="0.000672" asserts="0">
          <properties>
            <property name="retryIteration" value="0" />
            <property name="repeatIteration" value="0" />
          </properties>
        </test-case>
        <test-case id="1151" name="ZoomInCannotPassThroughLargeVisualBounds" fullname="PrototypeSimpleFollowCameraValidationTests.ZoomInCannotPassThroughLargeVisualBounds" methodname="ZoomInCannotPassThroughLargeVisualBounds" classname="PrototypeSimpleFollowCameraValidationTests" runstate="Runnable" seed="1412341612" result="Passed" start-time="2026-05-21 11:59:01Z" end-time="2026-05-21 11:59:01Z" duration="0.000593" asserts="0">
          <properties>
            <property name="retryIteration" value="0" />
            <property name="repeatIteration" value="0" />
          </properties>
          <output><![CDATA[<b><color=#2EA3FF>MCP-FOR-UNITY</color></b>: [TestRunnerNoThrottle] Restored Interaction Mode after test run.
Saving results to: C:/Users/benni/AppData/LocalLow/DefaultCompany/Weltraum Spiel\TestResults.xml
]]></output>
        </test-case>
      </test-suite>
    </test-suite>
  </test-suite>
</test-run>