<?xml version="1.0" encoding="utf-8"?>
<test-run id="2" testcasecount="1" result="Passed" total="1" passed="1" failed="0" inconclusive="0" skipped="0" asserts="0" engine-version="3.5.0.0" clr-version="4.0.30319.42000" start-time="2026-05-21 12:04:36Z" end-time="2026-05-21 12:05:11Z" duration="34.9814322">
  <test-suite type="TestSuite" id="1000" name="Weltraum Spiel" fullname="Weltraum Spiel" runstate="Runnable" testcasecount="228" result="Passed" start-time="2026-05-21 12:04:36Z" end-time="2026-05-21 12:05:11Z" duration="34.981432" total="1" passed="1" failed="0" inconclusive="0" skipped="0" asserts="0">
    <properties>
      <property name="platform" value="EditMode" />
    </properties>
    <test-suite type="Assembly" id="1257" name="Assembly-CSharp-Editor.dll" fullname="E:/Unity/Weltraum Spiel/Weltraum Spiel/Library/ScriptAssemblies/Assembly-CSharp-Editor.dll" runstate="Runnable" testcasecount="228" result="Passed" start-time="2026-05-21 12:04:36Z" end-time="2026-05-21 12:05:11Z" duration="34.925356" total="1" passed="1" failed="0" inconclusive="0" skipped="0" asserts="0">
      <properties>
        <property name="_PID" value="51724" />
        <property name="_APPDOMAIN" value="Unity Child Domain" />
        <property name="platform" value="EditMode" />
        <property name="EditorOnly" value="True" />
      </properties>
      <test-suite type="TestFixture" id="1080" name="PrototypePerformancePlayModeEvidenceTests" fullname="PrototypePerformancePlayModeEvidenceTests" classname="PrototypePerformancePlayModeEvidenceTests" runstate="Runnable" testcasecount="1" result="Passed" start-time="2026-05-21 12:04:36Z" end-time="2026-05-21 12:05:11Z" duration="34.922005" total="1" passed="1" failed="0" inconclusive="0" skipped="0" asserts="0">
        <properties />
        <test-case id="1081" name="PrototypeBootstrapHostRunsThirtySecondsWithHotpathEvidence" fullname="PrototypePerformancePlayModeEvidenceTests.PrototypeBootstrapHostRunsThirtySecondsWithHotpathEvidence" methodname="PrototypeBootstrapHostRunsThirtySecondsWithHotpathEvidence" classname="PrototypePerformancePlayModeEvidenceTests" runstate="Runnable" seed="628600741" result="Passed" start-time="2026-05-21 12:04:32Z" end-time="2026-05-21 12:05:11Z" duration="38.844147" asserts="0">
          <properties>
            <property name="_JOINTYPE" value="UnityCombinatorial" />
            <property name="Timeout" value="70000" />
            <property name="retryIteration" value="0" />
            <property name="repeatIteration" value="0" />
          </properties>
          <output><![CDATA[Prototype ship visual 'Imported Demo Cargo' could not be bound functionally. Missing: WEAPON_TURRET_BASE_*, WEAPON_TURRET_YAW_*, WEAPON_TURRET_PITCH_*, WEAPON_MUZZLE_*, WEAPON_MUZZLE_*, WEAPON_TURRET_* hierarchy
<b><color=#2EA3FF>MCP-FOR-UNITY</color></b>: [TestRunnerNoThrottle] Restored Interaction Mode after test run.
Saving results to: C:/Users/benni/AppData/LocalLow/DefaultCompany/Weltraum Spiel\TestResults.xml
]]></output>
        </test-case>
      </test-suite>
    </test-suite>
  </test-suite>
</test-run>