<?xml version="1.0" encoding="utf-8"?>
<test-run id="2" testcasecount="19" result="Passed" total="19" passed="19" failed="0" inconclusive="0" skipped="0" asserts="0" engine-version="3.5.0.0" clr-version="4.0.30319.42000" start-time="2026-05-21 12:18:46Z" end-time="2026-05-21 12:18:46Z" duration="0.3582234">
  <test-suite type="TestSuite" id="1000" name="Weltraum Spiel" fullname="Weltraum Spiel" runstate="Runnable" testcasecount="228" result="Passed" start-time="2026-05-21 12:18:46Z" end-time="2026-05-21 12:18:46Z" duration="0.358223" total="19" passed="19" failed="0" inconclusive="0" skipped="0" asserts="0">
    <properties>
      <property name="platform" value="EditMode" />
    </properties>
    <test-suite type="Assembly" id="1257" name="Assembly-CSharp-Editor.dll" fullname="E:/Unity/Weltraum Spiel/Weltraum Spiel/Library/ScriptAssemblies/Assembly-CSharp-Editor.dll" runstate="Runnable" testcasecount="228" result="Passed" start-time="2026-05-21 12:18:46Z" end-time="2026-05-21 12:18:46Z" duration="0.342621" total="19" passed="19" failed="0" inconclusive="0" skipped="0" asserts="0">
      <properties>
        <property name="_PID" value="32888" />
        <property name="_APPDOMAIN" value="Unity Child Domain" />
        <property name="platform" value="EditMode" />
        <property name="EditorOnly" value="True" />
      </properties>
      <test-suite type="TestFixture" id="1022" name="PrototypeAutopilotNavigationComputerV2ValidationTests" fullname="PrototypeAutopilotNavigationComputerV2ValidationTests" classname="PrototypeAutopilotNavigationComputerV2ValidationTests" runstate="Runnable" testcasecount="19" result="Passed" start-time="2026-05-21 12:18:46Z" end-time="2026-05-21 12:18:46Z" duration="0.327969" total="19" passed="19" failed="0" inconclusive="0" skipped="0" asserts="0">
        <properties />
        <test-case id="1037" name="Autopilot_AvoidanceWaypointPersistsAcrossFrames" fullname="PrototypeAutopilotNavigationComputerV2ValidationTests.Autopilot_AvoidanceWaypointPersistsAcrossFrames" methodname="Autopilot_AvoidanceWaypointPersistsAcrossFrames" classname="PrototypeAutopilotNavigationComputerV2ValidationTests" runstate="Runnable" seed="1680523691" result="Passed" start-time="2026-05-21 12:18:46Z" end-time="2026-05-21 12:18:46Z" duration="0.048960" asserts="0">
          <properties>
            <property name="retryIteration" value="0" />
            <property name="repeatIteration" value="0" />
          </properties>
        </test-case>
        <test-case id="1035" name="Autopilot_FuelInsufficientBeforeBurn" fullname="PrototypeAutopilotNavigationComputerV2ValidationTests.Autopilot_FuelInsufficientBeforeBurn" methodname="Autopilot_FuelInsufficientBeforeBurn" classname="PrototypeAutopilotNavigationComputerV2ValidationTests" runstate="Runnable" seed="592476445" result="Passed" start-time="2026-05-21 12:18:46Z" end-time="2026-05-21 12:18:46Z" duration="0.002079" asserts="0">
          <properties>
            <property name="retryIteration" value="0" />
            <property name="repeatIteration" value="0" />
          </properties>
        </test-case>
        <test-case id="1036" name="Autopilot_HoldRequiresStableVelocityWindow" fullname="PrototypeAutopilotNavigationComputerV2ValidationTests.Autopilot_HoldRequiresStableVelocityWindow" methodname="Autopilot_HoldRequiresStableVelocityWindow" classname="PrototypeAutopilotNavigationComputerV2ValidationTests" runstate="Runnable" seed="1541053110" result="Passed" start-time="2026-05-21 12:18:46Z" end-time="2026-05-21 12:18:46Z" duration="0.003947" asserts="0">
          <properties>
            <property name="retryIteration" value="0" />
            <property name="repeatIteration" value="0" />
          </properties>
        </test-case>
        <test-case id="1034" name="Autopilot_NoAuthorityDoesNotFakeComplete" fullname="PrototypeAutopilotNavigationComputerV2ValidationTests.Autopilot_NoAuthorityDoesNotFakeComplete" methodname="Autopilot_NoAuthorityDoesNotFakeComplete" classname="PrototypeAutopilotNavigationComputerV2ValidationTests" runstate="Runnable" seed="302407497" result="Passed" start-time="2026-05-21 12:18:46Z" end-time="2026-05-21 12:18:46Z" duration="0.001840" asserts="0">
          <properties>
            <property name="retryIteration" value="0" />
            <property name="repeatIteration" value="0" />
          </properties>
        </test-case>
        <test-case id="1038" name="Autopilot_ReacquiresDirectPathAfterAvoidance" fullname="PrototypeAutopilotNavigationComputerV2ValidationTests.Autopilot_ReacquiresDirectPathAfterAvoidance" methodname="Autopilot_ReacquiresDirectPathAfterAvoidance" classname="PrototypeAutopilotNavigationComputerV2ValidationTests" runstate="Runnable" seed="1937722396" result="Passed" start-time="2026-05-21 12:18:46Z" end-time="2026-05-21 12:18:46Z" duration="0.002037" asserts="0">
          <properties>
            <property name="retryIteration" value="0" />
            <property name="repeatIteration" value="0" />
          </properties>
        </test-case>
        <test-case id="1039" name="NavigationComputerHud_BuildsStructuredPanelAndWarningChips" fullname="PrototypeAutopilotNavigationComputerV2ValidationTests.NavigationComputerHud_BuildsStructuredPanelAndWarningChips" methodname="NavigationComputerHud_BuildsStructuredPanelAndWarningChips" classname="PrototypeAutopilotNavigationComputerV2ValidationTests" runstate="Runnable" seed="1176120754" result="Passed" start-time="2026-05-21 12:18:46Z" end-time="2026-05-21 12:18:46Z" duration="0.005805" asserts="0">
          <properties>
            <property name="retryIteration" value="0" />
            <property name="repeatIteration" value="0" />
          </properties>
        </test-case>
        <test-case id="1040" name="NavigationComputerSources_RenderStructuredDebugAndMinimapEvidence" fullname="PrototypeAutopilotNavigationComputerV2ValidationTests.NavigationComputerSources_RenderStructuredDebugAndMinimapEvidence" methodname="NavigationComputerSources_RenderStructuredDebugAndMinimapEvidence" classname="PrototypeAutopilotNavigationComputerV2ValidationTests" runstate="Runnable" seed="1707255283" result="Passed" start-time="2026-05-21 12:18:46Z" end-time="2026-05-21 12:18:46Z" duration="0.005115" asserts="0">
          <properties>
            <property name="retryIteration" value="0" />
            <property name="repeatIteration" value="0" />
          </properties>
        </test-case>
        <test-case id="1041" name="NavigationComputerV2SyntheticEvidence_WritesMarkedHeadlessPngs" fullname="PrototypeAutopilotNavigationComputerV2ValidationTests.NavigationComputerV2SyntheticEvidence_WritesMarkedHeadlessPngs" methodname="NavigationComputerV2SyntheticEvidence_WritesMarkedHeadlessPngs" classname="PrototypeAutopilotNavigationComputerV2ValidationTests" runstate="Runnable" seed="1448353389" result="Passed" start-time="2026-05-21 12:18:46Z" end-time="2026-05-21 12:18:46Z" duration="0.217346" asserts="0">
          <properties>
            <property name="retryIteration" value="0" />
            <property name="repeatIteration" value="0" />
          </properties>
        </test-case>
        <test-case id="1024" name="ObstacleDetector_MultipleObstacles_SelectsNearestBlocking" fullname="PrototypeAutopilotNavigationComputerV2ValidationTests.ObstacleDetector_MultipleObstacles_SelectsNearestBlocking" methodname="ObstacleDetector_MultipleObstacles_SelectsNearestBlocking" classname="PrototypeAutopilotNavigationComputerV2ValidationTests" runstate="Runnable" seed="2106923694" result="Passed" start-time="2026-05-21 12:18:46Z" end-time="2026-05-21 12:18:46Z" duration="0.001967" asserts="0">
          <properties>
            <property name="retryIteration" value="0" />
            <property name="repeatIteration" value="0" />
          </properties>
        </test-case>
        <test-case id="1025" name="ObstacleDetector_NonBlockingObstacle_IsIgnored" fullname="PrototypeAutopilotNavigationComputerV2ValidationTests.ObstacleDetector_NonBlockingObstacle_IsIgnored" methodname="ObstacleDetector_NonBlockingObstacle_IsIgnored" classname="PrototypeAutopilotNavigationComputerV2ValidationTests" runstate="Runnable" seed="1454686886" result="Passed" start-time="2026-05-21 12:18:46Z" end-time="2026-05-21 12:18:46Z" duration="0.001591" asserts="0">
          <properties>
            <property name="retryIteration" value="0" />
            <property name="repeatIteration" value="0" />
          </properties>
        </test-case>
        <test-case id="1023" name="ObstacleDetector_OverlapAtStart_IsDetected" fullname="PrototypeAutopilotNavigationComputerV2ValidationTests.ObstacleDetector_OverlapAtStart_IsDetected" methodname="ObstacleDetector_OverlapAtStart_IsDetected" classname="PrototypeAutopilotNavigationComputerV2ValidationTests" runstate="Runnable" seed="1950624345" result="Passed" start-time="2026-05-21 12:18:46Z" end-time="2026-05-21 12:18:46Z" duration="0.002755" asserts="0">
          <properties>
            <property name="retryIteration" value="0" />
            <property name="repeatIteration" value="0" />
          </properties>
        </test-case>
        <test-case id="1026" name="ObstacleDetector_TriggersAreDetected" fullname="PrototypeAutopilotNavigationComputerV2ValidationTests.ObstacleDetector_TriggersAreDetected" methodname="ObstacleDetector_TriggersAreDetected" classname="PrototypeAutopilotNavigationComputerV2ValidationTests" runstate="Runnable" seed="680507603" result="Passed" start-time="2026-05-21 12:18:46Z" end-time="2026-05-21 12:18:46Z" duration="0.001532" asserts="0">
          <properties>
            <property name="retryIteration" value="0" />
            <property name="repeatIteration" value="0" />
          </properties>
        </test-case>
        <test-case id="1028" name="Planner_AvoidanceCandidateWinsWhenDirectBlocked" fullname="PrototypeAutopilotNavigationComputerV2ValidationTests.Planner_AvoidanceCandidateWinsWhenDirectBlocked" methodname="Planner_AvoidanceCandidateWinsWhenDirectBlocked" classname="PrototypeAutopilotNavigationComputerV2ValidationTests" runstate="Runnable" seed="488993198" result="Passed" start-time="2026-05-21 12:18:46Z" end-time="2026-05-21 12:18:46Z" duration="0.001921" asserts="0">
          <properties>
            <property name="retryIteration" value="0" />
            <property name="repeatIteration" value="0" />
          </properties>
        </test-case>
        <test-case id="1029" name="Planner_CandidateScorePenalizesCollision" fullname="PrototypeAutopilotNavigationComputerV2ValidationTests.Planner_CandidateScorePenalizesCollision" methodname="Planner_CandidateScorePenalizesCollision" classname="PrototypeAutopilotNavigationComputerV2ValidationTests" runstate="Runnable" seed="1821848779" result="Passed" start-time="2026-05-21 12:18:46Z" end-time="2026-05-21 12:18:46Z" duration="0.002932" asserts="0">
          <properties>
            <property name="retryIteration" value="0" />
            <property name="repeatIteration" value="0" />
          </properties>
        </test-case>
        <test-case id="1030" name="Planner_CandidateScorePenalizesImpossibleBrake" fullname="PrototypeAutopilotNavigationComputerV2ValidationTests.Planner_CandidateScorePenalizesImpossibleBrake" methodname="Planner_CandidateScorePenalizesImpossibleBrake" classname="PrototypeAutopilotNavigationComputerV2ValidationTests" runstate="Runnable" seed="744663213" result="Passed" start-time="2026-05-21 12:18:46Z" end-time="2026-05-21 12:18:46Z" duration="0.000333" asserts="0">
          <properties>
            <property name="retryIteration" value="0" />
            <property name="repeatIteration" value="0" />
          </properties>
        </test-case>
        <test-case id="1027" name="Planner_DirectCandidateWinsWhenClear" fullname="PrototypeAutopilotNavigationComputerV2ValidationTests.Planner_DirectCandidateWinsWhenClear" methodname="Planner_DirectCandidateWinsWhenClear" classname="PrototypeAutopilotNavigationComputerV2ValidationTests" runstate="Runnable" seed="1062907611" result="Passed" start-time="2026-05-21 12:18:46Z" end-time="2026-05-21 12:18:46Z" duration="0.000900" asserts="0">
          <properties>
            <property name="retryIteration" value="0" />
            <property name="repeatIteration" value="0" />
          </properties>
        </test-case>
        <test-case id="1032" name="Planner_HeavyShipNeedsMoreRcsForce" fullname="PrototypeAutopilotNavigationComputerV2ValidationTests.Planner_HeavyShipNeedsMoreRcsForce" methodname="Planner_HeavyShipNeedsMoreRcsForce" classname="PrototypeAutopilotNavigationComputerV2ValidationTests" runstate="Runnable" seed="2050326378" result="Passed" start-time="2026-05-21 12:18:46Z" end-time="2026-05-21 12:18:46Z" duration="0.001415" asserts="0">
          <properties>
            <property name="retryIteration" value="0" />
            <property name="repeatIteration" value="0" />
          </properties>
        </test-case>
        <test-case id="1033" name="Planner_LimitedRcsReportsLimitedAuthority" fullname="PrototypeAutopilotNavigationComputerV2ValidationTests.Planner_LimitedRcsReportsLimitedAuthority" methodname="Planner_LimitedRcsReportsLimitedAuthority" classname="PrototypeAutopilotNavigationComputerV2ValidationTests" runstate="Runnable" seed="1876020822" result="Passed" start-time="2026-05-21 12:18:46Z" end-time="2026-05-21 12:18:46Z" duration="0.001320" asserts="0">
          <properties>
            <property name="retryIteration" value="0" />
            <property name="repeatIteration" value="0" />
          </properties>
        </test-case>
        <test-case id="1031" name="Planner_UsesBurnPlanFuelAndDeltaV" fullname="PrototypeAutopilotNavigationComputerV2ValidationTests.Planner_UsesBurnPlanFuelAndDeltaV" methodname="Planner_UsesBurnPlanFuelAndDeltaV" classname="PrototypeAutopilotNavigationComputerV2ValidationTests" runstate="Runnable" seed="803801837" result="Passed" start-time="2026-05-21 12:18:46Z" end-time="2026-05-21 12:18:46Z" duration="0.001364" asserts="0">
          <properties>
            <property name="retryIteration" value="0" />
            <property name="repeatIteration" value="0" />
          </properties>
          <output><![CDATA[<b><color=#2EA3FF>MCP-FOR-UNITY</color></b>: [TestRunnerNoThrottle] Restored Interaction Mode after test run.
Saving results to: C:/Users/benni/AppData/LocalLow/DefaultCompany/Weltraum Spiel\TestResults.xml
]]></output>
        </test-case>
      </test-suite>
    </test-suite>
  </test-suite>
</test-run>