<?xml version="1.0" encoding="utf-8"?>
<test-run id="2" testcasecount="1" result="Passed" total="1" passed="1" failed="0" inconclusive="0" skipped="0" asserts="0" engine-version="3.5.0.0" clr-version="4.0.30319.42000" start-time="2026-05-26 12:10:36Z" end-time="2026-05-26 12:10:37Z" duration="0.4730099">
  <test-suite type="TestSuite" id="1040" name="Weltraum Spiel" fullname="Weltraum Spiel" runstate="Runnable" testcasecount="28" result="Passed" start-time="2026-05-26 12:10:36Z" end-time="2026-05-26 12:10:37Z" duration="0.473010" total="1" passed="1" failed="0" inconclusive="0" skipped="0" asserts="0">
    <properties>
      <property name="platform" value="PlayMode" />
    </properties>
    <test-suite type="Assembly" id="1035" name="Assembly-CSharp.dll" fullname="E:/Unity/Weltraum Spiel/Weltraum Spiel/Library/ScriptAssemblies/Assembly-CSharp.dll" runstate="Runnable" testcasecount="28" result="Passed" start-time="2026-05-26 12:10:36Z" end-time="2026-05-26 12:10:37Z" duration="0.404423" total="1" passed="1" failed="0" inconclusive="0" skipped="0" asserts="0">
      <properties>
        <property name="_PID" value="30636" />
        <property name="_APPDOMAIN" value="Unity Child Domain" />
        <property name="platform" value="PlayMode" />
        <property name="EditorOnly" value="False" />
      </properties>
      <test-suite type="TestFixture" id="1001" name="PrototypeAutopilotNavigationPlayModeTests" fullname="PrototypeAutopilotNavigationPlayModeTests" classname="PrototypeAutopilotNavigationPlayModeTests" runstate="Runnable" testcasecount="9" result="Passed" start-time="2026-05-26 12:10:36Z" end-time="2026-05-26 12:10:37Z" duration="0.394098" total="1" passed="1" failed="0" inconclusive="0" skipped="0" asserts="0">
        <properties />
        <test-case id="1010" name="PlayMode_Autopilot_Arrival_NoBrakeAccelerateFlap_ReachesCompletionDeadzone" fullname="PrototypeAutopilotNavigationPlayModeTests.PlayMode_Autopilot_Arrival_NoBrakeAccelerateFlap_ReachesCompletionDeadzone" methodname="PlayMode_Autopilot_Arrival_NoBrakeAccelerateFlap_ReachesCompletionDeadzone" classname="PrototypeAutopilotNavigationPlayModeTests" runstate="Runnable" seed="96017889" result="Passed" start-time="2026-05-26 12:10:36Z" end-time="2026-05-26 12:10:37Z" duration="0.346698" asserts="0">
          <properties>
            <property name="retryIteration" value="0" />
            <property name="repeatIteration" value="0" />
          </properties>
          <output><![CDATA[<b><color=#2EA3FF>MCP-FOR-UNITY</color></b>: [TestRunnerNoThrottle] Restored Interaction Mode after test run.
Saving results to: C:/Users/benni/AppData/LocalLow/DefaultCompany/Weltraum Spiel\TestResults.xml
]]></output>
        </test-case>
      </test-suite>
    </test-suite>
  </test-suite>
</test-run>