<?xml version="1.0" encoding="utf-8"?>
<test-run id="2" testcasecount="31" result="Passed" total="31" passed="31" failed="0" inconclusive="0" skipped="0" asserts="0" engine-version="3.5.0.0" clr-version="4.0.30319.42000" start-time="2026-05-30 17:56:49Z" end-time="2026-05-30 17:56:49Z" duration="0.3759921">
  <test-suite type="TestSuite" id="1000" name="Weltraum Spiel" fullname="Weltraum Spiel" runstate="Runnable" testcasecount="376" result="Passed" start-time="2026-05-30 17:56:49Z" end-time="2026-05-30 17:56:49Z" duration="0.375992" total="31" passed="31" failed="0" inconclusive="0" skipped="0" asserts="0">
    <properties>
      <property name="platform" value="EditMode" />
    </properties>
    <test-suite type="Assembly" id="1413" name="Assembly-CSharp-Editor.dll" fullname="E:/Unity/Weltraum Spiel/Weltraum Spiel/Library/ScriptAssemblies/Assembly-CSharp-Editor.dll" runstate="Runnable" testcasecount="376" result="Passed" start-time="2026-05-30 17:56:49Z" end-time="2026-05-30 17:56:49Z" duration="0.364080" total="31" passed="31" failed="0" inconclusive="0" skipped="0" asserts="0">
      <properties>
        <property name="_PID" value="41756" />
        <property name="_APPDOMAIN" value="Unity Child Domain" />
        <property name="platform" value="EditMode" />
        <property name="EditorOnly" value="True" />
      </properties>
      <test-suite type="TestFixture" id="1023" name="PrototypeAutopilotNavigationComputerV2ValidationTests" fullname="PrototypeAutopilotNavigationComputerV2ValidationTests" classname="PrototypeAutopilotNavigationComputerV2ValidationTests" runstate="Runnable" testcasecount="31" result="Passed" start-time="2026-05-30 17:56:49Z" end-time="2026-05-30 17:56:49Z" duration="0.359322" total="31" passed="31" failed="0" inconclusive="0" skipped="0" asserts="0">
        <properties />
        <test-case id="1050" name="Autopilot_AvoidanceWaypointPersistsAcrossFrames" fullname="PrototypeAutopilotNavigationComputerV2ValidationTests.Autopilot_AvoidanceWaypointPersistsAcrossFrames" methodname="Autopilot_AvoidanceWaypointPersistsAcrossFrames" classname="PrototypeAutopilotNavigationComputerV2ValidationTests" runstate="Runnable" seed="2107718253" result="Passed" start-time="2026-05-30 17:56:49Z" end-time="2026-05-30 17:56:49Z" duration="0.081705" asserts="0">
          <properties>
            <property name="retryIteration" value="0" />
            <property name="repeatIteration" value="0" />
          </properties>
        </test-case>
        <test-case id="1046" name="Autopilot_FlightPlanDivergenceNewObstacleReplansWithVisibleReason" fullname="PrototypeAutopilotNavigationComputerV2ValidationTests.Autopilot_FlightPlanDivergenceNewObstacleReplansWithVisibleReason" methodname="Autopilot_FlightPlanDivergenceNewObstacleReplansWithVisibleReason" classname="PrototypeAutopilotNavigationComputerV2ValidationTests" runstate="Runnable" seed="177069775" result="Passed" start-time="2026-05-30 17:56:49Z" end-time="2026-05-30 17:56:49Z" duration="0.006137" asserts="0">
          <properties>
            <property name="retryIteration" value="0" />
            <property name="repeatIteration" value="0" />
          </properties>
        </test-case>
        <test-case id="1045" name="Autopilot_FlightPlanDivergenceTargetMoveReplansWithVisibleReason" fullname="PrototypeAutopilotNavigationComputerV2ValidationTests.Autopilot_FlightPlanDivergenceTargetMoveReplansWithVisibleReason" methodname="Autopilot_FlightPlanDivergenceTargetMoveReplansWithVisibleReason" classname="PrototypeAutopilotNavigationComputerV2ValidationTests" runstate="Runnable" seed="1844483622" result="Passed" start-time="2026-05-30 17:56:49Z" end-time="2026-05-30 17:56:49Z" duration="0.002961" asserts="0">
          <properties>
            <property name="retryIteration" value="0" />
            <property name="repeatIteration" value="0" />
          </properties>
        </test-case>
        <test-case id="1042" name="Autopilot_FlightPlanExecutorDoesNotFlipBeforePlannedBrakeSegment" fullname="PrototypeAutopilotNavigationComputerV2ValidationTests.Autopilot_FlightPlanExecutorDoesNotFlipBeforePlannedBrakeSegment" methodname="Autopilot_FlightPlanExecutorDoesNotFlipBeforePlannedBrakeSegment" classname="PrototypeAutopilotNavigationComputerV2ValidationTests" runstate="Runnable" seed="608851422" result="Passed" start-time="2026-05-30 17:56:49Z" end-time="2026-05-30 17:56:49Z" duration="0.002474" asserts="0">
          <properties>
            <property name="retryIteration" value="0" />
            <property name="repeatIteration" value="0" />
          </properties>
        </test-case>
        <test-case id="1043" name="Autopilot_FlightPlanExecutorEntersFlipOnlyAtPlannedSegment" fullname="PrototypeAutopilotNavigationComputerV2ValidationTests.Autopilot_FlightPlanExecutorEntersFlipOnlyAtPlannedSegment" methodname="Autopilot_FlightPlanExecutorEntersFlipOnlyAtPlannedSegment" classname="PrototypeAutopilotNavigationComputerV2ValidationTests" runstate="Runnable" seed="1199328974" result="Passed" start-time="2026-05-30 17:56:49Z" end-time="2026-05-30 17:56:49Z" duration="0.003865" asserts="0">
          <properties>
            <property name="retryIteration" value="0" />
            <property name="repeatIteration" value="0" />
          </properties>
        </test-case>
        <test-case id="1044" name="Autopilot_FlightPlanExecutorFlagOffUsesLegacyFallback" fullname="PrototypeAutopilotNavigationComputerV2ValidationTests.Autopilot_FlightPlanExecutorFlagOffUsesLegacyFallback" methodname="Autopilot_FlightPlanExecutorFlagOffUsesLegacyFallback" classname="PrototypeAutopilotNavigationComputerV2ValidationTests" runstate="Runnable" seed="345238836" result="Passed" start-time="2026-05-30 17:56:49Z" end-time="2026-05-30 17:56:49Z" duration="0.003627" asserts="0">
          <properties>
            <property name="retryIteration" value="0" />
            <property name="repeatIteration" value="0" />
          </properties>
        </test-case>
        <test-case id="1047" name="Autopilot_FlightPlanExpiredReplansInsteadOfLegacyLiveBrake" fullname="PrototypeAutopilotNavigationComputerV2ValidationTests.Autopilot_FlightPlanExpiredReplansInsteadOfLegacyLiveBrake" methodname="Autopilot_FlightPlanExpiredReplansInsteadOfLegacyLiveBrake" classname="PrototypeAutopilotNavigationComputerV2ValidationTests" runstate="Runnable" seed="1976623940" result="Passed" start-time="2026-05-30 17:56:49Z" end-time="2026-05-30 17:56:49Z" duration="0.002560" asserts="0">
          <properties>
            <property name="retryIteration" value="0" />
            <property name="repeatIteration" value="0" />
          </properties>
        </test-case>
        <test-case id="1048" name="Autopilot_FlightPlanHoldWithoutRcsAbortsInsteadOfLegacyHoldGate" fullname="PrototypeAutopilotNavigationComputerV2ValidationTests.Autopilot_FlightPlanHoldWithoutRcsAbortsInsteadOfLegacyHoldGate" methodname="Autopilot_FlightPlanHoldWithoutRcsAbortsInsteadOfLegacyHoldGate" classname="PrototypeAutopilotNavigationComputerV2ValidationTests" runstate="Runnable" seed="1994423645" result="Passed" start-time="2026-05-30 17:56:49Z" end-time="2026-05-30 17:56:49Z" duration="0.001667" asserts="0">
          <properties>
            <property name="retryIteration" value="0" />
            <property name="repeatIteration" value="0" />
          </properties>
        </test-case>
        <test-case id="1041" name="Autopilot_FuelInsufficientBeforeBurn" fullname="PrototypeAutopilotNavigationComputerV2ValidationTests.Autopilot_FuelInsufficientBeforeBurn" methodname="Autopilot_FuelInsufficientBeforeBurn" classname="PrototypeAutopilotNavigationComputerV2ValidationTests" runstate="Runnable" seed="1844223282" result="Passed" start-time="2026-05-30 17:56:49Z" end-time="2026-05-30 17:56:49Z" duration="0.000798" asserts="0">
          <properties>
            <property name="retryIteration" value="0" />
            <property name="repeatIteration" value="0" />
          </properties>
        </test-case>
        <test-case id="1049" name="Autopilot_HoldRequiresStableVelocityWindow" fullname="PrototypeAutopilotNavigationComputerV2ValidationTests.Autopilot_HoldRequiresStableVelocityWindow" methodname="Autopilot_HoldRequiresStableVelocityWindow" classname="PrototypeAutopilotNavigationComputerV2ValidationTests" runstate="Runnable" seed="762961441" result="Passed" start-time="2026-05-30 17:56:49Z" end-time="2026-05-30 17:56:49Z" duration="0.002153" asserts="0">
          <properties>
            <property name="retryIteration" value="0" />
            <property name="repeatIteration" value="0" />
          </properties>
        </test-case>
        <test-case id="1040" name="Autopilot_NoAuthorityDoesNotFakeComplete" fullname="PrototypeAutopilotNavigationComputerV2ValidationTests.Autopilot_NoAuthorityDoesNotFakeComplete" methodname="Autopilot_NoAuthorityDoesNotFakeComplete" classname="PrototypeAutopilotNavigationComputerV2ValidationTests" runstate="Runnable" seed="185296056" result="Passed" start-time="2026-05-30 17:56:49Z" end-time="2026-05-30 17:56:49Z" duration="0.001113" asserts="0">
          <properties>
            <property name="retryIteration" value="0" />
            <property name="repeatIteration" value="0" />
          </properties>
        </test-case>
        <test-case id="1051" name="Autopilot_ReacquiresDirectPathAfterAvoidance" fullname="PrototypeAutopilotNavigationComputerV2ValidationTests.Autopilot_ReacquiresDirectPathAfterAvoidance" methodname="Autopilot_ReacquiresDirectPathAfterAvoidance" classname="PrototypeAutopilotNavigationComputerV2ValidationTests" runstate="Runnable" seed="144453521" result="Passed" start-time="2026-05-30 17:56:49Z" end-time="2026-05-30 17:56:49Z" duration="0.001730" asserts="0">
          <properties>
            <property name="retryIteration" value="0" />
            <property name="repeatIteration" value="0" />
          </properties>
        </test-case>
        <test-case id="1052" name="NavigationComputerHud_BuildsStructuredPanelAndWarningChips" fullname="PrototypeAutopilotNavigationComputerV2ValidationTests.NavigationComputerHud_BuildsStructuredPanelAndWarningChips" methodname="NavigationComputerHud_BuildsStructuredPanelAndWarningChips" classname="PrototypeAutopilotNavigationComputerV2ValidationTests" runstate="Runnable" seed="1976175721" result="Passed" start-time="2026-05-30 17:56:49Z" end-time="2026-05-30 17:56:49Z" duration="0.003810" asserts="0">
          <properties>
            <property name="retryIteration" value="0" />
            <property name="repeatIteration" value="0" />
          </properties>
        </test-case>
        <test-case id="1053" name="NavigationComputerSources_RenderStructuredDebugAndMinimapEvidence" fullname="PrototypeAutopilotNavigationComputerV2ValidationTests.NavigationComputerSources_RenderStructuredDebugAndMinimapEvidence" methodname="NavigationComputerSources_RenderStructuredDebugAndMinimapEvidence" classname="PrototypeAutopilotNavigationComputerV2ValidationTests" runstate="Runnable" seed="1186265234" result="Passed" start-time="2026-05-30 17:56:49Z" end-time="2026-05-30 17:56:49Z" duration="0.001800" asserts="0">
          <properties>
            <property name="retryIteration" value="0" />
            <property name="repeatIteration" value="0" />
          </properties>
        </test-case>
        <test-case id="1054" name="NavigationComputerV2SyntheticEvidence_WritesMarkedHeadlessPngs" fullname="PrototypeAutopilotNavigationComputerV2ValidationTests.NavigationComputerV2SyntheticEvidence_WritesMarkedHeadlessPngs" methodname="NavigationComputerV2SyntheticEvidence_WritesMarkedHeadlessPngs" classname="PrototypeAutopilotNavigationComputerV2ValidationTests" runstate="Runnable" seed="1846145097" result="Passed" start-time="2026-05-30 17:56:49Z" end-time="2026-05-30 17:56:49Z" duration="0.186596" asserts="0">
          <properties>
            <property name="retryIteration" value="0" />
            <property name="repeatIteration" value="0" />
          </properties>
        </test-case>
        <test-case id="1025" name="ObstacleDetector_MultipleObstacles_SelectsNearestBlocking" fullname="PrototypeAutopilotNavigationComputerV2ValidationTests.ObstacleDetector_MultipleObstacles_SelectsNearestBlocking" methodname="ObstacleDetector_MultipleObstacles_SelectsNearestBlocking" classname="PrototypeAutopilotNavigationComputerV2ValidationTests" runstate="Runnable" seed="2044830155" result="Passed" start-time="2026-05-30 17:56:49Z" end-time="2026-05-30 17:56:49Z" duration="0.001901" asserts="0">
          <properties>
            <property name="retryIteration" value="0" />
            <property name="repeatIteration" value="0" />
          </properties>
        </test-case>
        <test-case id="1026" name="ObstacleDetector_NonBlockingObstacle_IsIgnored" fullname="PrototypeAutopilotNavigationComputerV2ValidationTests.ObstacleDetector_NonBlockingObstacle_IsIgnored" methodname="ObstacleDetector_NonBlockingObstacle_IsIgnored" classname="PrototypeAutopilotNavigationComputerV2ValidationTests" runstate="Runnable" seed="1261241674" result="Passed" start-time="2026-05-30 17:56:49Z" end-time="2026-05-30 17:56:49Z" duration="0.000976" asserts="0">
          <properties>
            <property name="retryIteration" value="0" />
            <property name="repeatIteration" value="0" />
          </properties>
        </test-case>
        <test-case id="1024" name="ObstacleDetector_OverlapAtStart_IsDetected" fullname="PrototypeAutopilotNavigationComputerV2ValidationTests.ObstacleDetector_OverlapAtStart_IsDetected" methodname="ObstacleDetector_OverlapAtStart_IsDetected" classname="PrototypeAutopilotNavigationComputerV2ValidationTests" runstate="Runnable" seed="1165327645" result="Passed" start-time="2026-05-30 17:56:49Z" end-time="2026-05-30 17:56:49Z" duration="0.011550" asserts="0">
          <properties>
            <property name="retryIteration" value="0" />
            <property name="repeatIteration" value="0" />
          </properties>
        </test-case>
        <test-case id="1027" name="ObstacleDetector_TriggersAreDetected" fullname="PrototypeAutopilotNavigationComputerV2ValidationTests.ObstacleDetector_TriggersAreDetected" methodname="ObstacleDetector_TriggersAreDetected" classname="PrototypeAutopilotNavigationComputerV2ValidationTests" runstate="Runnable" seed="1823783837" result="Passed" start-time="2026-05-30 17:56:49Z" end-time="2026-05-30 17:56:49Z" duration="0.001211" asserts="0">
          <properties>
            <property name="retryIteration" value="0" />
            <property name="repeatIteration" value="0" />
          </properties>
        </test-case>
        <test-case id="1029" name="Planner_AvoidanceCandidateWinsWhenDirectBlocked" fullname="PrototypeAutopilotNavigationComputerV2ValidationTests.Planner_AvoidanceCandidateWinsWhenDirectBlocked" methodname="Planner_AvoidanceCandidateWinsWhenDirectBlocked" classname="PrototypeAutopilotNavigationComputerV2ValidationTests" runstate="Runnable" seed="1166205049" result="Passed" start-time="2026-05-30 17:56:49Z" end-time="2026-05-30 17:56:49Z" duration="0.002223" asserts="0">
          <properties>
            <property name="retryIteration" value="0" />
            <property name="repeatIteration" value="0" />
          </properties>
        </test-case>
        <test-case id="1030" name="Planner_CandidateScorePenalizesCollision" fullname="PrototypeAutopilotNavigationComputerV2ValidationTests.Planner_CandidateScorePenalizesCollision" methodname="Planner_CandidateScorePenalizesCollision" classname="PrototypeAutopilotNavigationComputerV2ValidationTests" runstate="Runnable" seed="133312150" result="Passed" start-time="2026-05-30 17:56:49Z" end-time="2026-05-30 17:56:49Z" duration="0.003091" asserts="0">
          <properties>
            <property name="retryIteration" value="0" />
            <property name="repeatIteration" value="0" />
          </properties>
        </test-case>
        <test-case id="1031" name="Planner_CandidateScorePenalizesImpossibleBrake" fullname="PrototypeAutopilotNavigationComputerV2ValidationTests.Planner_CandidateScorePenalizesImpossibleBrake" methodname="Planner_CandidateScorePenalizesImpossibleBrake" classname="PrototypeAutopilotNavigationComputerV2ValidationTests" runstate="Runnable" seed="964025087" result="Passed" start-time="2026-05-30 17:56:49Z" end-time="2026-05-30 17:56:49Z" duration="0.001365" asserts="0">
          <properties>
            <property name="retryIteration" value="0" />
            <property name="repeatIteration" value="0" />
          </properties>
        </test-case>
        <test-case id="1028" name="Planner_DirectCandidateWinsWhenClear" fullname="PrototypeAutopilotNavigationComputerV2ValidationTests.Planner_DirectCandidateWinsWhenClear" methodname="Planner_DirectCandidateWinsWhenClear" classname="PrototypeAutopilotNavigationComputerV2ValidationTests" runstate="Runnable" seed="1177946231" result="Passed" start-time="2026-05-30 17:56:49Z" end-time="2026-05-30 17:56:49Z" duration="0.000947" asserts="0">
          <properties>
            <property name="retryIteration" value="0" />
            <property name="repeatIteration" value="0" />
          </properties>
        </test-case>
        <test-case id="1035" name="Planner_DirectFastTransfer_AllowsHigherLateralWhenRcsFeasible" fullname="PrototypeAutopilotNavigationComputerV2ValidationTests.Planner_DirectFastTransfer_AllowsHigherLateralWhenRcsFeasible" methodname="Planner_DirectFastTransfer_AllowsHigherLateralWhenRcsFeasible" classname="PrototypeAutopilotNavigationComputerV2ValidationTests" runstate="Runnable" seed="981570748" result="Passed" start-time="2026-05-30 17:56:49Z" end-time="2026-05-30 17:56:49Z" duration="0.001424" asserts="0">
          <properties>
            <property name="retryIteration" value="0" />
            <property name="repeatIteration" value="0" />
          </properties>
        </test-case>
        <test-case id="1034" name="Planner_DirectFastTransfer_RejectsHighLateralWithoutRcsHeadroom" fullname="PrototypeAutopilotNavigationComputerV2ValidationTests.Planner_DirectFastTransfer_RejectsHighLateralWithoutRcsHeadroom" methodname="Planner_DirectFastTransfer_RejectsHighLateralWithoutRcsHeadroom" classname="PrototypeAutopilotNavigationComputerV2ValidationTests" runstate="Runnable" seed="1959980944" result="Passed" start-time="2026-05-30 17:56:49Z" end-time="2026-05-30 17:56:49Z" duration="0.001004" asserts="0">
          <properties>
            <property name="retryIteration" value="0" />
            <property name="repeatIteration" value="0" />
          </properties>
        </test-case>
        <test-case id="1033" name="Planner_EmitsExecutableFlightPlanWithoutDroppingLegacyDiagnostics" fullname="PrototypeAutopilotNavigationComputerV2ValidationTests.Planner_EmitsExecutableFlightPlanWithoutDroppingLegacyDiagnostics" methodname="Planner_EmitsExecutableFlightPlanWithoutDroppingLegacyDiagnostics" classname="PrototypeAutopilotNavigationComputerV2ValidationTests" runstate="Runnable" seed="1346210328" result="Passed" start-time="2026-05-30 17:56:49Z" end-time="2026-05-30 17:56:49Z" duration="0.001499" asserts="0">
          <properties>
            <property name="retryIteration" value="0" />
            <property name="repeatIteration" value="0" />
          </properties>
        </test-case>
        <test-case id="1037" name="Planner_EmittedFlightPlanStartsWithBrakeWhenStoppingDistanceConsumesArrival" fullname="PrototypeAutopilotNavigationComputerV2ValidationTests.Planner_EmittedFlightPlanStartsWithBrakeWhenStoppingDistanceConsumesArrival" methodname="Planner_EmittedFlightPlanStartsWithBrakeWhenStoppingDistanceConsumesArrival" classname="PrototypeAutopilotNavigationComputerV2ValidationTests" runstate="Runnable" seed="587239346" result="Passed" start-time="2026-05-30 17:56:49Z" end-time="2026-05-30 17:56:49Z" duration="0.000772" asserts="0">
          <properties>
            <property name="retryIteration" value="0" />
            <property name="repeatIteration" value="0" />
          </properties>
        </test-case>
        <test-case id="1036" name="Planner_EmittedFlightPlanUsesRealShipPlanningSnapshot" fullname="PrototypeAutopilotNavigationComputerV2ValidationTests.Planner_EmittedFlightPlanUsesRealShipPlanningSnapshot" methodname="Planner_EmittedFlightPlanUsesRealShipPlanningSnapshot" classname="PrototypeAutopilotNavigationComputerV2ValidationTests" runstate="Runnable" seed="1911087248" result="Passed" start-time="2026-05-30 17:56:49Z" end-time="2026-05-30 17:56:49Z" duration="0.006718" asserts="0">
          <properties>
            <property name="retryIteration" value="0" />
            <property name="repeatIteration" value="0" />
          </properties>
        </test-case>
        <test-case id="1038" name="Planner_HeavyShipNeedsMoreRcsForce" fullname="PrototypeAutopilotNavigationComputerV2ValidationTests.Planner_HeavyShipNeedsMoreRcsForce" methodname="Planner_HeavyShipNeedsMoreRcsForce" classname="PrototypeAutopilotNavigationComputerV2ValidationTests" runstate="Runnable" seed="1222828922" result="Passed" start-time="2026-05-30 17:56:49Z" end-time="2026-05-30 17:56:49Z" duration="0.001605" asserts="0">
          <properties>
            <property name="retryIteration" value="0" />
            <property name="repeatIteration" value="0" />
          </properties>
        </test-case>
        <test-case id="1039" name="Planner_LimitedRcsReportsLimitedAuthority" fullname="PrototypeAutopilotNavigationComputerV2ValidationTests.Planner_LimitedRcsReportsLimitedAuthority" methodname="Planner_LimitedRcsReportsLimitedAuthority" classname="PrototypeAutopilotNavigationComputerV2ValidationTests" runstate="Runnable" seed="233689725" result="Passed" start-time="2026-05-30 17:56:49Z" end-time="2026-05-30 17:56:49Z" duration="0.001396" asserts="0">
          <properties>
            <property name="retryIteration" value="0" />
            <property name="repeatIteration" value="0" />
          </properties>
        </test-case>
        <test-case id="1032" name="Planner_UsesBurnPlanFuelAndDeltaV" fullname="PrototypeAutopilotNavigationComputerV2ValidationTests.Planner_UsesBurnPlanFuelAndDeltaV" methodname="Planner_UsesBurnPlanFuelAndDeltaV" classname="PrototypeAutopilotNavigationComputerV2ValidationTests" runstate="Runnable" seed="1056118595" result="Passed" start-time="2026-05-30 17:56:49Z" end-time="2026-05-30 17:56:49Z" duration="0.001043" asserts="0">
          <properties>
            <property name="retryIteration" value="0" />
            <property name="repeatIteration" value="0" />
          </properties>
          <output><![CDATA[<b><color=#2EA3FF>MCP-FOR-UNITY</color></b>: [TestRunnerNoThrottle] Restored Interaction Mode after test run.
Saving results to: C:/Users/benni/AppData/LocalLow/DefaultCompany/Weltraum Spiel\TestResults.xml
]]></output>
        </test-case>
      </test-suite>
    </test-suite>
  </test-suite>
</test-run>