<?xml version="1.0" encoding="utf-8"?>
<test-run id="2" testcasecount="2" result="Passed" total="2" passed="2" failed="0" inconclusive="0" skipped="0" asserts="0" engine-version="3.5.0.0" clr-version="4.0.30319.42000" start-time="2026-05-28 19:35:03Z" end-time="2026-05-28 19:35:03Z" duration="0.1097331">
  <test-suite type="TestSuite" id="1062" name="Weltraum Spiel" fullname="Weltraum Spiel" runstate="Runnable" testcasecount="49" result="Passed" start-time="2026-05-28 19:35:03Z" end-time="2026-05-28 19:35:03Z" duration="0.109733" total="2" passed="2" failed="0" inconclusive="0" skipped="0" asserts="0">
    <properties>
      <property name="platform" value="PlayMode" />
    </properties>
    <test-suite type="Assembly" id="1057" name="Assembly-CSharp.dll" fullname="E:/Unity/Weltraum Spiel/Weltraum Spiel/Library/ScriptAssemblies/Assembly-CSharp.dll" runstate="Runnable" testcasecount="49" result="Passed" start-time="2026-05-28 19:35:03Z" end-time="2026-05-28 19:35:03Z" duration="0.099678" total="2" passed="2" failed="0" inconclusive="0" skipped="0" asserts="0">
      <properties>
        <property name="_PID" value="65832" />
        <property name="_APPDOMAIN" value="Unity Child Domain" />
        <property name="platform" value="PlayMode" />
        <property name="EditorOnly" value="False" />
      </properties>
      <test-suite type="TestFixture" id="1001" name="PrototypeAutopilotFlipChaseCameraEvidencePlayModeTests" fullname="PrototypeAutopilotFlipChaseCameraEvidencePlayModeTests" classname="PrototypeAutopilotFlipChaseCameraEvidencePlayModeTests" runstate="Runnable" testcasecount="2" result="Passed" start-time="2026-05-28 19:35:03Z" end-time="2026-05-28 19:35:03Z" duration="0.094430" total="2" passed="2" failed="0" inconclusive="0" skipped="0" asserts="0">
        <properties />
        <test-case id="1002" name="PrototypeBootstrapHostAutopilotFlipChaseCameraEvidence" fullname="PrototypeAutopilotFlipChaseCameraEvidencePlayModeTests.PrototypeBootstrapHostAutopilotFlipChaseCameraEvidence" methodname="PrototypeBootstrapHostAutopilotFlipChaseCameraEvidence" classname="PrototypeAutopilotFlipChaseCameraEvidencePlayModeTests" runstate="Runnable" seed="1825771797" result="Passed" start-time="2026-05-28 19:35:03Z" end-time="2026-05-28 19:35:03Z" duration="0.058804" asserts="0">
          <properties>
            <property name="Timeout" value="120000" />
            <property name="retryIteration" value="0" />
            <property name="repeatIteration" value="0" />
          </properties>
        </test-case>
        <test-case id="1003" name="PrototypeBootstrapHostGeneratedFallbackAutopilotFlipChaseCameraStaysSafe" fullname="PrototypeAutopilotFlipChaseCameraEvidencePlayModeTests.PrototypeBootstrapHostGeneratedFallbackAutopilotFlipChaseCameraStaysSafe" methodname="PrototypeBootstrapHostGeneratedFallbackAutopilotFlipChaseCameraStaysSafe" classname="PrototypeAutopilotFlipChaseCameraEvidencePlayModeTests" runstate="Runnable" seed="1371007919" result="Passed" start-time="2026-05-28 19:35:03Z" end-time="2026-05-28 19:35:03Z" duration="0.018830" asserts="0">
          <properties>
            <property name="Timeout" value="120000" />
            <property name="retryIteration" value="0" />
            <property name="repeatIteration" value="0" />
          </properties>
          <output><![CDATA[<b><color=#2EA3FF>MCP-FOR-UNITY</color></b>: [TestRunnerNoThrottle] Restored Interaction Mode after test run.
Saving results to: C:/Users/benni/AppData/LocalLow/DefaultCompany/Weltraum Spiel\TestResults.xml
]]></output>
        </test-case>
      </test-suite>
    </test-suite>
  </test-suite>
</test-run>