<?xml version="1.0" encoding="utf-8"?>
<test-run id="2" testcasecount="1" result="Passed" total="1" passed="1" failed="0" inconclusive="0" skipped="0" asserts="0" engine-version="3.5.0.0" clr-version="4.0.30319.42000" start-time="2026-05-28 19:30:03Z" end-time="2026-05-28 19:30:04Z" duration="0.7876858">
  <test-suite type="TestSuite" id="1061" name="Weltraum Spiel" fullname="Weltraum Spiel" runstate="Runnable" testcasecount="48" result="Passed" start-time="2026-05-28 19:30:03Z" end-time="2026-05-28 19:30:04Z" duration="0.787686" total="1" passed="1" failed="0" inconclusive="0" skipped="0" asserts="0">
    <properties>
      <property name="platform" value="PlayMode" />
    </properties>
    <test-suite type="Assembly" id="1056" name="Assembly-CSharp.dll" fullname="E:/Unity/Weltraum Spiel/Weltraum Spiel/Library/ScriptAssemblies/Assembly-CSharp.dll" runstate="Runnable" testcasecount="48" result="Passed" start-time="2026-05-28 19:30:03Z" end-time="2026-05-28 19:30:04Z" duration="0.777549" total="1" passed="1" failed="0" inconclusive="0" skipped="0" asserts="0">
      <properties>
        <property name="_PID" value="70124" />
        <property name="_APPDOMAIN" value="Unity Child Domain" />
        <property name="platform" value="PlayMode" />
        <property name="EditorOnly" value="False" />
      </properties>
      <test-suite type="TestFixture" id="1045" name="PrototypeImportedBlenderJitterEvidencePlayModeTests" fullname="PrototypeImportedBlenderJitterEvidencePlayModeTests" classname="PrototypeImportedBlenderJitterEvidencePlayModeTests" runstate="Runnable" testcasecount="1" result="Passed" start-time="2026-05-28 19:30:03Z" end-time="2026-05-28 19:30:04Z" duration="0.770851" total="1" passed="1" failed="0" inconclusive="0" skipped="0" asserts="0">
        <properties />
        <test-case id="1046" name="PrototypeBootstrapHostImportedBlenderJitterEvidence" fullname="PrototypeImportedBlenderJitterEvidencePlayModeTests.PrototypeBootstrapHostImportedBlenderJitterEvidence" methodname="PrototypeBootstrapHostImportedBlenderJitterEvidence" classname="PrototypeImportedBlenderJitterEvidencePlayModeTests" runstate="Runnable" seed="306621296" result="Passed" start-time="2026-05-28 19:30:04Z" end-time="2026-05-28 19:30:04Z" duration="0.753136" asserts="0">
          <properties>
            <property name="Timeout" value="120000" />
            <property name="retryIteration" value="0" />
            <property name="repeatIteration" value="0" />
          </properties>
          <output><![CDATA[<b><color=#2EA3FF>MCP-FOR-UNITY</color></b>: [TestRunnerNoThrottle] Restored Interaction Mode after test run.
Saving results to: C:/Users/benni/AppData/LocalLow/DefaultCompany/Weltraum Spiel\TestResults.xml
]]></output>
        </test-case>
      </test-suite>
    </test-suite>
  </test-suite>
</test-run>